<?xml version="1.0" encoding="UTF-8" ?>
<testsuite tests="2" failures="2" name="base.Rate_Test" time="4.972" errors="0" skipped="0">
  <properties>
[...]
</properties>
  <testcase classname="base.Rate_Test" name="testTables" time="4.961">
    <failure type="java.lang.AssertionError">java.lang.AssertionError
	at org.junit.Assert.fail(Assert.java:86)
	at org.junit.Assert.assertTrue(Assert.java:41)
	at org.junit.Assert.assertTrue(Assert.java:52)
	at base.Rate_Test.testTables(Rate_Test.java:39)
	at sun.reflect.NativeMethodAccessorImpl.invoke0(Native Method)
	at sun.reflect.NativeMethodAccessorImpl.invoke(NativeMethodAccessorImpl.java:62)
	at sun.reflect.DelegatingMethodAccessorImpl.invoke(DelegatingMethodAccessorImpl.java:43)
	at java.lang.reflect.Method.invoke(Method.java:497)
	at org.junit.runners.model.FrameworkMethod$1.runReflectiveCall(FrameworkMethod.java:47)
	at org.junit.internal.runners.model.ReflectiveCallable.run(ReflectiveCallable.java:12)
	at org.junit.runners.model.FrameworkMethod.invokeExplosively(FrameworkMethod.java:44)
	at org.junit.internal.runners.statements.InvokeMethod.evaluate(InvokeMethod.java:17)
	at org.junit.runners.ParentRunner.runLeaf(ParentRunner.java:271)
	at org.junit.runners.BlockJUnit4ClassRunner.runChild(BlockJUnit4ClassRunner.java:70)
	at org.junit.runners.BlockJUnit4ClassRunner.runChild(BlockJUnit4ClassRunner.java:50)
	at org.junit.runners.ParentRunner$3.run(ParentRunner.java:238)
	at org.junit.runners.ParentRunner$1.schedule(ParentRunner.java:63)
	at org.junit.runners.ParentRunner.runChildren(ParentRunner.java:236)
	at org.junit.runners.ParentRunner.access$000(ParentRunner.java:53)
	at org.junit.runners.ParentRunner$2.evaluate(ParentRunner.java:229)
	at org.junit.runners.ParentRunner.run(ParentRunner.java:309)
	at org.apache.maven.surefire.junit4.JUnit4Provider.execute(JUnit4Provider.java:252)
	at org.apache.maven.surefire.junit4.JUnit4Provider.executeTestSet(JUnit4Provider.java:141)
	at org.apache.maven.surefire.junit4.JUnit4Provider.invoke(JUnit4Provider.java:112)
	at sun.reflect.NativeMethodAccessorImpl.invoke0(Native Method)
	at sun.reflect.NativeMethodAccessorImpl.invoke(NativeMethodAccessorImpl.java:62)
	at sun.reflect.DelegatingMethodAccessorImpl.invoke(DelegatingMethodAccessorImpl.java:43)
	at java.lang.reflect.Method.invoke(Method.java:497)
	at org.apache.maven.surefire.util.ReflectionUtils.invokeMethodWithArray(ReflectionUtils.java:189)
	at org.apache.maven.surefire.booter.ProviderFactory$ProviderProxy.invoke(ProviderFactory.java:165)
	at org.apache.maven.surefire.booter.ProviderFactory.invokeProvider(ProviderFactory.java:85)
	at org.apache.maven.surefire.booter.ForkedBooter.runSuitesInProcess(ForkedBooter.java:115)
	at org.apache.maven.surefire.booter.ForkedBooter.main(ForkedBooter.java:75)
</failure>
    <system-out>12:19:45.326 [main] DEBUG org.jboss.logging - Logging Provider: org.jboss.logging.Slf4jLoggerProvider
12:19:45.349 [main] DEBUG o.h.i.internal.IntegratorServiceImpl - Adding Integrator [org.hibernate.cfg.beanvalidation.BeanValidationIntegrator].
12:19:45.352 [main] DEBUG o.h.i.internal.IntegratorServiceImpl - Adding Integrator [org.hibernate.secure.spi.JaccIntegrator].
12:19:45.354 [main] DEBUG o.h.i.internal.IntegratorServiceImpl - Adding Integrator [org.hibernate.cache.internal.CollectionCacheInvalidator].
12:19:45.463 [main] INFO  org.hibernate.Version - HHH000412: Hibernate Core {5.0.2.Final}
12:19:45.466 [main] INFO  org.hibernate.cfg.Environment - HHH000206: hibernate.properties not found
12:19:45.470 [main] INFO  org.hibernate.cfg.Environment - HHH000021: Bytecode provider name : javassist
12:19:45.506 [main] DEBUG o.h.b.j.i.s.LocalXmlResourceResolver - Interpreting public/system identifier : [-//Hibernate/Hibernate Configuration DTD 3.0//EN] - [http://www.hibernate.org/dtd/hibernate-configuration-3.0.dtd]
12:19:45.506 [main] DEBUG o.h.b.j.i.s.LocalXmlResourceResolver - Recognized hibernate-configuration identifier; attempting to resolve on classpath under org/hibernate/
12:19:45.513 [main] DEBUG o.h.b.c.internal.JaxbCfgProcessor - cfg.xml document did not define namespaces; wrapping in custom event reader to introduce namespace information
12:19:45.745 [main] DEBUG org.hibernate.cfg.Configuration - Building session factory using internal StandardServiceRegistryBuilder
12:19:45.753 [main] DEBUG o.h.service.spi.ServiceBinding - Overriding existing service binding [org.hibernate.secure.spi.JaccService]
12:19:45.753 [main] DEBUG org.hibernate.cfg.Configuration - Building session factory using provided StandardServiceRegistry
12:19:45.776 [main] DEBUG o.h.c.i.RegionFactoryInitiator - Cache region factory : org.hibernate.cache.internal.NoCachingRegionFactory
12:19:45.791 [main] INFO  o.h.annotations.common.Version - HCANN000001: Hibernate Commons Annotations {5.0.0.Final}
12:19:45.804 [main] DEBUG o.h.b.j.i.s.LocalXmlResourceResolver - Interpreting public/system identifier : [-//Hibernate/Hibernate Mapping DTD 3.0//EN] - [http://hibernate.sourceforge.net/hibernate-mapping-3.0.dtd]
12:19:45.806 [main] WARN  org.hibernate.orm.deprecation - HHH90000012: Recognized obsolete hibernate namespace http://hibernate.sourceforge.net/hibernate-mapping. Use namespace http://www.hibernate.org/dtd/hibernate-mapping instead.  Support for obsolete DTD/XSD namespaces may be removed at any time.
12:19:45.806 [main] DEBUG o.h.b.j.i.s.LocalXmlResourceResolver - Recognized legacy hibernate-mapping identifier; attempting to resolve on classpath under org/hibernate/
12:19:45.823 [main] DEBUG o.h.boot.jaxb.internal.MappingBinder - Performing JAXB binding of hbm.xml document : Origin(name=mapping/Rate.hbm.xml,type=RESOURCE)
12:19:46.970 [main] DEBUG org.hibernate.type.BasicTypeRegistry - Adding type registration boolean -&gt; org.hibernate.type.BooleanType@1caa0244
12:19:46.970 [main] DEBUG org.hibernate.type.BasicTypeRegistry - Adding type registration boolean -&gt; org.hibernate.type.BooleanType@1caa0244
12:19:46.970 [main] DEBUG org.hibernate.type.BasicTypeRegistry - Adding type registration java.lang.Boolean -&gt; org.hibernate.type.BooleanType@1caa0244
12:19:46.972 [main] DEBUG org.hibernate.type.BasicTypeRegistry - Adding type registration numeric_boolean -&gt; org.hibernate.type.NumericBooleanType@268f106e
12:19:46.974 [main] DEBUG org.hibernate.type.BasicTypeRegistry - Adding type registration true_false -&gt; org.hibernate.type.TrueFalseType@231f98ef
12:19:46.977 [main] DEBUG org.hibernate.type.BasicTypeRegistry - Adding type registration yes_no -&gt; org.hibernate.type.YesNoType@7d9d0818
12:19:46.980 [main] DEBUG org.hibernate.type.BasicTypeRegistry - Adding type registration byte -&gt; org.hibernate.type.ByteType@24569dba
12:19:46.980 [main] DEBUG org.hibernate.type.BasicTypeRegistry - Adding type registration byte -&gt; org.hibernate.type.ByteType@24569dba
12:19:46.980 [main] DEBUG org.hibernate.type.BasicTypeRegistry - Adding type registration java.lang.Byte -&gt; org.hibernate.type.ByteType@24569dba
12:19:46.982 [main] DEBUG org.hibernate.type.BasicTypeRegistry - Adding type registration character -&gt; org.hibernate.type.CharacterType@7188af83
12:19:46.983 [main] DEBUG org.hibernate.type.BasicTypeRegistry - Adding type registration char -&gt; org.hibernate.type.CharacterType@7188af83
12:19:46.983 [main] DEBUG org.hibernate.type.BasicTypeRegistry - Adding type registration java.lang.Character -&gt; org.hibernate.type.CharacterType@7188af83
12:19:46.985 [main] DEBUG org.hibernate.type.BasicTypeRegistry - Adding type registration short -&gt; org.hibernate.type.ShortType@4a003cbe
12:19:46.985 [main] DEBUG org.hibernate.type.BasicTypeRegistry - Adding type registration short -&gt; org.hibernate.type.ShortType@4a003cbe
12:19:46.986 [main] DEBUG org.hibernate.type.BasicTypeRegistry - Adding type registration java.lang.Short -&gt; org.hibernate.type.ShortType@4a003cbe
12:19:46.987 [main] DEBUG org.hibernate.type.BasicTypeRegistry - Adding type registration integer -&gt; org.hibernate.type.IntegerType@359df09a
12:19:46.988 [main] DEBUG org.hibernate.type.BasicTypeRegistry - Adding type registration int -&gt; org.hibernate.type.IntegerType@359df09a
12:19:46.988 [main] DEBUG org.hibernate.type.BasicTypeRegistry - Adding type registration java.lang.Integer -&gt; org.hibernate.type.IntegerType@359df09a
12:19:46.990 [main] DEBUG org.hibernate.type.BasicTypeRegistry - Adding type registration long -&gt; org.hibernate.type.LongType@514646ef
12:19:46.991 [main] DEBUG org.hibernate.type.BasicTypeRegistry - Adding type registration long -&gt; org.hibernate.type.LongType@514646ef
12:19:46.992 [main] DEBUG org.hibernate.type.BasicTypeRegistry - Adding type registration java.lang.Long -&gt; org.hibernate.type.LongType@514646ef
12:19:46.995 [main] DEBUG org.hibernate.type.BasicTypeRegistry - Adding type registration float -&gt; org.hibernate.type.FloatType@548a24a
12:19:46.995 [main] DEBUG org.hibernate.type.BasicTypeRegistry - Adding type registration float -&gt; org.hibernate.type.FloatType@548a24a
12:19:46.995 [main] DEBUG org.hibernate.type.BasicTypeRegistry - Adding type registration java.lang.Float -&gt; org.hibernate.type.FloatType@548a24a
12:19:46.998 [main] DEBUG org.hibernate.type.BasicTypeRegistry - Adding type registration double -&gt; org.hibernate.type.DoubleType@723ca036
12:19:46.998 [main] DEBUG org.hibernate.type.BasicTypeRegistry - Adding type registration double -&gt; org.hibernate.type.DoubleType@723ca036
12:19:46.999 [main] DEBUG org.hibernate.type.BasicTypeRegistry - Adding type registration java.lang.Double -&gt; org.hibernate.type.DoubleType@723ca036
12:19:47.003 [main] DEBUG org.hibernate.type.BasicTypeRegistry - Adding type registration big_decimal -&gt; org.hibernate.type.BigDecimalType@312aa7c
12:19:47.004 [main] DEBUG org.hibernate.type.BasicTypeRegistry - Adding type registration java.math.BigDecimal -&gt; org.hibernate.type.BigDecimalType@312aa7c
12:19:47.006 [main] DEBUG org.hibernate.type.BasicTypeRegistry - Adding type registration big_integer -&gt; org.hibernate.type.BigIntegerType@5a59ca5e
12:19:47.007 [main] DEBUG org.hibernate.type.BasicTypeRegistry - Adding type registration java.math.BigInteger -&gt; org.hibernate.type.BigIntegerType@5a59ca5e
12:19:47.009 [main] DEBUG org.hibernate.type.BasicTypeRegistry - Adding type registration string -&gt; org.hibernate.type.StringType@4f32a3ad
12:19:47.009 [main] DEBUG org.hibernate.type.BasicTypeRegistry - Adding type registration java.lang.String -&gt; org.hibernate.type.StringType@4f32a3ad
12:19:47.010 [main] DEBUG org.hibernate.type.BasicTypeRegistry - Adding type registration nstring -&gt; org.hibernate.type.StringNVarcharType@7d900ecf
12:19:47.014 [main] DEBUG org.hibernate.type.BasicTypeRegistry - Adding type registration ncharacter -&gt; org.hibernate.type.CharacterNCharType@5965d37
12:19:47.015 [main] DEBUG org.hibernate.type.BasicTypeRegistry - Adding type registration url -&gt; org.hibernate.type.UrlType@710636b0
12:19:47.015 [main] DEBUG org.hibernate.type.BasicTypeRegistry - Adding type registration java.net.URL -&gt; org.hibernate.type.UrlType@710636b0
12:19:47.019 [main] DEBUG org.hibernate.type.BasicTypeRegistry - Adding type registration date -&gt; org.hibernate.type.DateType@2a8448fa
12:19:47.020 [main] DEBUG org.hibernate.type.BasicTypeRegistry - Adding type registration java.sql.Date -&gt; org.hibernate.type.DateType@2a8448fa
12:19:47.022 [main] DEBUG org.hibernate.type.BasicTypeRegistry - Adding type registration time -&gt; org.hibernate.type.TimeType@17bffc17
12:19:47.022 [main] DEBUG org.hibernate.type.BasicTypeRegistry - Adding type registration java.sql.Time -&gt; org.hibernate.type.TimeType@17bffc17
12:19:47.025 [main] DEBUG org.hibernate.type.BasicTypeRegistry - Adding type registration timestamp -&gt; org.hibernate.type.TimestampType@55cb6996
12:19:47.026 [main] DEBUG org.hibernate.type.BasicTypeRegistry - Adding type registration java.sql.Timestamp -&gt; org.hibernate.type.TimestampType@55cb6996
12:19:47.026 [main] DEBUG org.hibernate.type.BasicTypeRegistry - Adding type registration java.util.Date -&gt; org.hibernate.type.TimestampType@55cb6996
12:19:47.030 [main] DEBUG org.hibernate.type.BasicTypeRegistry - Adding type registration dbtimestamp -&gt; org.hibernate.type.DbTimestampType@f1da57d
12:19:47.033 [main] DEBUG org.hibernate.type.BasicTypeRegistry - Adding type registration calendar -&gt; org.hibernate.type.CalendarType@431cd9b2
12:19:47.035 [main] DEBUG org.hibernate.type.BasicTypeRegistry - Adding type registration java.util.Calendar -&gt; org.hibernate.type.CalendarType@431cd9b2
12:19:47.035 [main] DEBUG org.hibernate.type.BasicTypeRegistry - Adding type registration java.util.GregorianCalendar -&gt; org.hibernate.type.CalendarType@431cd9b2
12:19:47.037 [main] DEBUG org.hibernate.type.BasicTypeRegistry - Adding type registration calendar_date -&gt; org.hibernate.type.CalendarDateType@790da477
12:19:47.043 [main] DEBUG org.hibernate.type.BasicTypeRegistry - Adding type registration locale -&gt; org.hibernate.type.LocaleType@5e7cd6cc
12:19:47.044 [main] DEBUG org.hibernate.type.BasicTypeRegistry - Adding type registration java.util.Locale -&gt; org.hibernate.type.LocaleType@5e7cd6cc
12:19:47.046 [main] DEBUG org.hibernate.type.BasicTypeRegistry - Adding type registration currency -&gt; org.hibernate.type.CurrencyType@33ecda92
12:19:47.049 [main] DEBUG org.hibernate.type.BasicTypeRegistry - Adding type registration java.util.Currency -&gt; org.hibernate.type.CurrencyType@33ecda92
12:19:47.051 [main] DEBUG org.hibernate.type.BasicTypeRegistry - Adding type registration timezone -&gt; org.hibernate.type.TimeZoneType@1c742ed4
12:19:47.051 [main] DEBUG org.hibernate.type.BasicTypeRegistry - Adding type registration java.util.TimeZone -&gt; org.hibernate.type.TimeZoneType@1c742ed4
12:19:47.052 [main] DEBUG org.hibernate.type.BasicTypeRegistry - Adding type registration class -&gt; org.hibernate.type.ClassType@69c81773
12:19:47.053 [main] DEBUG org.hibernate.type.BasicTypeRegistry - Adding type registration java.lang.Class -&gt; org.hibernate.type.ClassType@69c81773
12:19:47.056 [main] DEBUG org.hibernate.type.BasicTypeRegistry - Adding type registration uuid-binary -&gt; org.hibernate.type.UUIDBinaryType@60f00693
12:19:47.056 [main] DEBUG org.hibernate.type.BasicTypeRegistry - Adding type registration java.util.UUID -&gt; org.hibernate.type.UUIDBinaryType@60f00693
12:19:47.057 [main] DEBUG org.hibernate.type.BasicTypeRegistry - Adding type registration uuid-char -&gt; org.hibernate.type.UUIDCharType@1a4927d6
12:19:47.060 [main] DEBUG org.hibernate.type.BasicTypeRegistry - Adding type registration binary -&gt; org.hibernate.type.BinaryType@4b520ea8
12:19:47.060 [main] DEBUG org.hibernate.type.BasicTypeRegistry - Adding type registration byte[] -&gt; org.hibernate.type.BinaryType@4b520ea8
12:19:47.061 [main] DEBUG org.hibernate.type.BasicTypeRegistry - Adding type registration [B -&gt; org.hibernate.type.BinaryType@4b520ea8
12:19:47.063 [main] DEBUG org.hibernate.type.BasicTypeRegistry - Adding type registration wrapper-binary -&gt; org.hibernate.type.WrapperBinaryType@782859e
12:19:47.064 [main] DEBUG org.hibernate.type.BasicTypeRegistry - Adding type registration Byte[] -&gt; org.hibernate.type.WrapperBinaryType@782859e
12:19:47.065 [main] DEBUG org.hibernate.type.BasicTypeRegistry - Adding type registration [Ljava.lang.Byte; -&gt; org.hibernate.type.WrapperBinaryType@782859e
12:19:47.066 [main] DEBUG org.hibernate.type.BasicTypeRegistry - Adding type registration image -&gt; org.hibernate.type.ImageType@6f43c82
12:19:47.068 [main] DEBUG org.hibernate.type.BasicTypeRegistry - Adding type registration characters -&gt; org.hibernate.type.CharArrayType@6f15d60e
12:19:47.068 [main] DEBUG org.hibernate.type.BasicTypeRegistry - Adding type registration char[] -&gt; org.hibernate.type.CharArrayType@6f15d60e
12:19:47.068 [main] DEBUG org.hibernate.type.BasicTypeRegistry - Adding type registration [C -&gt; org.hibernate.type.CharArrayType@6f15d60e
12:19:47.071 [main] DEBUG org.hibernate.type.BasicTypeRegistry - Adding type registration wrapper-characters -&gt; org.hibernate.type.CharacterArrayType@4f0f2942
12:19:47.072 [main] DEBUG org.hibernate.type.BasicTypeRegistry - Adding type registration [Ljava.lang.Character; -&gt; org.hibernate.type.CharacterArrayType@4f0f2942
12:19:47.075 [main] DEBUG org.hibernate.type.BasicTypeRegistry - Adding type registration Character[] -&gt; org.hibernate.type.CharacterArrayType@4f0f2942
12:19:47.078 [main] DEBUG org.hibernate.type.BasicTypeRegistry - Adding type registration text -&gt; org.hibernate.type.TextType@69504ae9
12:19:47.079 [main] DEBUG org.hibernate.type.BasicTypeRegistry - Adding type registration ntext -&gt; org.hibernate.type.NTextType@126253fd
12:19:47.084 [main] DEBUG org.hibernate.type.BasicTypeRegistry - Adding type registration blob -&gt; org.hibernate.type.BlobType@6cd24612
12:19:47.084 [main] DEBUG org.hibernate.type.BasicTypeRegistry - Adding type registration java.sql.Blob -&gt; org.hibernate.type.BlobType@6cd24612
12:19:47.085 [main] DEBUG org.hibernate.type.BasicTypeRegistry - Adding type registration materialized_blob -&gt; org.hibernate.type.MaterializedBlobType@51891008
12:19:47.089 [main] DEBUG org.hibernate.type.BasicTypeRegistry - Adding type registration clob -&gt; org.hibernate.type.ClobType@1c9b0314
12:19:47.089 [main] DEBUG org.hibernate.type.BasicTypeRegistry - Adding type registration java.sql.Clob -&gt; org.hibernate.type.ClobType@1c9b0314
12:19:47.097 [main] DEBUG org.hibernate.type.BasicTypeRegistry - Adding type registration nclob -&gt; org.hibernate.type.NClobType@5be1d0a4
12:19:47.098 [main] DEBUG org.hibernate.type.BasicTypeRegistry - Adding type registration java.sql.NClob -&gt; org.hibernate.type.NClobType@5be1d0a4
12:19:47.099 [main] DEBUG org.hibernate.type.BasicTypeRegistry - Adding type registration materialized_clob -&gt; org.hibernate.type.MaterializedClobType@311bf055
12:19:47.100 [main] DEBUG org.hibernate.type.BasicTypeRegistry - Adding type registration materialized_nclob -&gt; org.hibernate.type.MaterializedNClobType@21be3395
12:19:47.102 [main] DEBUG org.hibernate.type.BasicTypeRegistry - Adding type registration serializable -&gt; org.hibernate.type.SerializableType@4470fbd6
12:19:47.110 [main] DEBUG org.hibernate.type.BasicTypeRegistry - Adding type registration object -&gt; org.hibernate.type.ObjectType@461ad730
12:19:47.111 [main] DEBUG org.hibernate.type.BasicTypeRegistry - Adding type registration java.lang.Object -&gt; org.hibernate.type.ObjectType@461ad730
12:19:47.113 [main] DEBUG org.hibernate.type.BasicTypeRegistry - Adding type registration imm_date -&gt; org.hibernate.type.AdaptedImmutableType@7068e664
12:19:47.113 [main] DEBUG org.hibernate.type.BasicTypeRegistry - Adding type registration imm_time -&gt; org.hibernate.type.AdaptedImmutableType@60db1c0e
12:19:47.114 [main] DEBUG org.hibernate.type.BasicTypeRegistry - Adding type registration imm_timestamp -&gt; org.hibernate.type.AdaptedImmutableType@3e78b6a5
12:19:47.114 [main] DEBUG org.hibernate.type.BasicTypeRegistry - Adding type registration imm_dbtimestamp -&gt; org.hibernate.type.AdaptedImmutableType@769a1df5
12:19:47.114 [main] DEBUG org.hibernate.type.BasicTypeRegistry - Adding type registration imm_calendar -&gt; org.hibernate.type.AdaptedImmutableType@41f69e84
12:19:47.115 [main] DEBUG org.hibernate.type.BasicTypeRegistry - Adding type registration imm_calendar_date -&gt; org.hibernate.type.AdaptedImmutableType@7975d1d8
12:19:47.116 [main] DEBUG org.hibernate.type.BasicTypeRegistry - Adding type registration imm_binary -&gt; org.hibernate.type.AdaptedImmutableType@2438dcd
12:19:47.116 [main] DEBUG org.hibernate.type.BasicTypeRegistry - Adding type registration imm_serializable -&gt; org.hibernate.type.AdaptedImmutableType@24105dc5
12:19:47.128 [main] WARN  o.h.e.j.c.i.DriverManagerConnectionProviderImpl - HHH000402: Using Hibernate built-in connection pool (not for production use!)
12:19:47.130 [main] DEBUG o.h.e.j.c.i.DriverManagerConnectionProviderImpl - No driver class specified
12:19:47.130 [main] INFO  o.h.e.j.c.i.DriverManagerConnectionProviderImpl - HHH000401: using driver [null] at URL [jdbc:oracle:thin:@cisc181.ci3wacsy5j84.us-east-1.rds.amazonaws.com:1521:ORCL]
12:19:47.131 [main] INFO  o.h.e.j.c.i.DriverManagerConnectionProviderImpl - HHH000046: Connection properties: {user=DawsonL, password=dawson1}
12:19:47.131 [main] INFO  o.h.e.j.c.i.DriverManagerConnectionProviderImpl - HHH000006: Autocommit mode: false
12:19:47.133 [main] INFO  o.h.e.j.c.i.DriverManagerConnectionProviderImpl - HHH000115: Hibernate connection pool size: 20 (min=1)
12:19:47.133 [main] DEBUG o.h.e.j.c.i.DriverManagerConnectionProviderImpl - Initializing Connection pool with 1 Connections
12:19:47.668 [main] DEBUG o.h.e.j.e.i.JdbcEnvironmentInitiator - Database -&gt;
       name : Oracle
    version : Oracle Database 11g Release 11.2.0.4.0 - 64bit Production
      major : 11
      minor : 2
12:19:47.668 [main] DEBUG o.h.e.j.e.i.JdbcEnvironmentInitiator - Driver -&gt;
       name : Oracle JDBC driver
    version : 11.2.0.3.0
      major : 11
      minor : 2
12:19:47.668 [main] DEBUG o.h.e.j.e.i.JdbcEnvironmentInitiator - JDBC version : 11.2
12:19:47.745 [main] INFO  org.hibernate.dialect.Dialect - HHH000400: Using dialect: org.hibernate.dialect.Oracle10gDialect
12:19:47.773 [main] DEBUG o.h.e.j.c.i.StandardRefCursorSupport - Unexpected error trying to gauge level of JDBC REF_CURSOR support : null
12:19:48.006 [main] DEBUG o.h.i.f.i.DefaultIdentifierGeneratorFactory - Registering IdentifierGenerator strategy [uuid2] -&gt; [org.hibernate.id.UUIDGenerator]
12:19:48.006 [main] DEBUG o.h.i.f.i.DefaultIdentifierGeneratorFactory - Registering IdentifierGenerator strategy [guid] -&gt; [org.hibernate.id.GUIDGenerator]
12:19:48.007 [main] DEBUG o.h.i.f.i.DefaultIdentifierGeneratorFactory - Registering IdentifierGenerator strategy [uuid] -&gt; [org.hibernate.id.UUIDHexGenerator]
12:19:48.008 [main] DEBUG o.h.i.f.i.DefaultIdentifierGeneratorFactory - Registering IdentifierGenerator strategy [uuid.hex] -&gt; [org.hibernate.id.UUIDHexGenerator]
12:19:48.008 [main] DEBUG o.h.i.f.i.DefaultIdentifierGeneratorFactory - Registering IdentifierGenerator strategy [assigned] -&gt; [org.hibernate.id.Assigned]
12:19:48.010 [main] DEBUG o.h.i.f.i.DefaultIdentifierGeneratorFactory - Registering IdentifierGenerator strategy [identity] -&gt; [org.hibernate.id.IdentityGenerator]
12:19:48.010 [main] DEBUG o.h.i.f.i.DefaultIdentifierGeneratorFactory - Registering IdentifierGenerator strategy [select] -&gt; [org.hibernate.id.SelectGenerator]
12:19:48.012 [main] DEBUG o.h.i.f.i.DefaultIdentifierGeneratorFactory - Registering IdentifierGenerator strategy [sequence] -&gt; [org.hibernate.id.enhanced.SequenceStyleGenerator]
12:19:48.014 [main] DEBUG o.h.i.f.i.DefaultIdentifierGeneratorFactory - Registering IdentifierGenerator strategy [seqhilo] -&gt; [org.hibernate.id.SequenceHiLoGenerator]
12:19:48.015 [main] DEBUG o.h.i.f.i.DefaultIdentifierGeneratorFactory - Registering IdentifierGenerator strategy [increment] -&gt; [org.hibernate.id.IncrementGenerator]
12:19:48.016 [main] DEBUG o.h.i.f.i.DefaultIdentifierGeneratorFactory - Registering IdentifierGenerator strategy [foreign] -&gt; [org.hibernate.id.ForeignGenerator]
12:19:48.016 [main] DEBUG o.h.i.f.i.DefaultIdentifierGeneratorFactory - Registering IdentifierGenerator strategy [sequence-identity] -&gt; [org.hibernate.id.SequenceIdentityGenerator]
12:19:48.017 [main] DEBUG o.h.i.f.i.DefaultIdentifierGeneratorFactory - Registering IdentifierGenerator strategy [enhanced-sequence] -&gt; [org.hibernate.id.enhanced.SequenceStyleGenerator]
12:19:48.018 [main] DEBUG o.h.i.f.i.DefaultIdentifierGeneratorFactory - Registering IdentifierGenerator strategy [enhanced-table] -&gt; [org.hibernate.id.enhanced.TableGenerator]
12:19:48.083 [main] DEBUG o.h.boot.model.relational.Namespace - Created database namespace [logicalName=Name{catalog=null, schema=DawsonL}, physicalName=Name{catalog=null, schema=DawsonL}]
12:19:48.117 [main] DEBUG o.h.b.m.s.internal.hbm.ModelBinder - Mapping class: domain.RateDomainModel -&gt; tblRate
12:19:48.127 [main] DEBUG o.h.b.m.s.internal.hbm.ModelBinder - Mapped property: RateID -&gt; [RateID]
12:19:48.130 [main] DEBUG o.h.b.m.s.internal.hbm.ModelBinder - Mapped property: MinCreditScore -&gt; [MinCreditScore]
12:19:48.130 [main] DEBUG o.h.b.m.s.internal.hbm.ModelBinder - Mapped property: InterestRate -&gt; [InterestRate]
12:19:48.165 [main] DEBUG o.h.internal.SessionFactoryImpl - Building session factory
12:19:48.166 [main] DEBUG org.hibernate.cfg.Settings - SessionFactory name : null
12:19:48.166 [main] DEBUG org.hibernate.cfg.Settings - Automatic flush during beforeCompletion(): disabled
12:19:48.166 [main] DEBUG org.hibernate.cfg.Settings - Automatic session close at end of transaction: disabled
12:19:48.166 [main] DEBUG org.hibernate.cfg.Settings - Statistics: disabled
12:19:48.167 [main] DEBUG org.hibernate.cfg.Settings - Deleted entity synthetic identifier rollback: disabled
12:19:48.167 [main] DEBUG org.hibernate.cfg.Settings - Default entity-mode: pojo
12:19:48.167 [main] DEBUG org.hibernate.cfg.Settings - Check Nullability in Core (should be disabled when Bean Validation is on): enabled
12:19:48.167 [main] DEBUG org.hibernate.cfg.Settings - Allow initialization of lazy state outside session : disabled
12:19:48.167 [main] DEBUG org.hibernate.cfg.Settings - Using BatchFetchStyle : LEGACY
12:19:48.167 [main] DEBUG org.hibernate.cfg.Settings - Default batch fetch size: -1
12:19:48.167 [main] DEBUG org.hibernate.cfg.Settings - Maximum outer join fetch depth: null
12:19:48.167 [main] DEBUG org.hibernate.cfg.Settings - Default null ordering: NONE
12:19:48.167 [main] DEBUG org.hibernate.cfg.Settings - Order SQL updates by primary key: disabled
12:19:48.167 [main] DEBUG org.hibernate.cfg.Settings - Order SQL inserts for batching: disabled
12:19:48.167 [main] DEBUG org.hibernate.cfg.Settings - multi-tenancy strategy : NONE
12:19:48.168 [main] DEBUG org.hibernate.cfg.Settings - JTA Track by Thread: enabled
12:19:48.168 [main] DEBUG org.hibernate.cfg.Settings - Query language substitutions: {}
12:19:48.168 [main] DEBUG org.hibernate.cfg.Settings - JPA query language strict compliance: disabled
12:19:48.168 [main] DEBUG org.hibernate.cfg.Settings - Named query checking : enabled
12:19:48.168 [main] DEBUG org.hibernate.cfg.Settings - Second-level cache: enabled
12:19:48.168 [main] DEBUG org.hibernate.cfg.Settings - Second-level query cache: disabled
12:19:48.168 [main] DEBUG org.hibernate.cfg.Settings - Second-level query cache factory: org.hibernate.cache.internal.StandardQueryCacheFactory@a202ccb
12:19:48.168 [main] DEBUG org.hibernate.cfg.Settings - Second-level cache region prefix: null
12:19:48.168 [main] DEBUG org.hibernate.cfg.Settings - Optimize second-level cache for minimal puts: disabled
12:19:48.168 [main] DEBUG org.hibernate.cfg.Settings - Structured second-level cache entries: disabled
12:19:48.169 [main] DEBUG org.hibernate.cfg.Settings - Second-level cache direct-reference entries: disabled
12:19:48.169 [main] DEBUG org.hibernate.cfg.Settings - Automatic eviction of collection cache: disabled
12:19:48.169 [main] DEBUG org.hibernate.cfg.Settings - JDBC batch size: 15
12:19:48.169 [main] DEBUG org.hibernate.cfg.Settings - JDBC batch updates for versioned data: disabled
12:19:48.169 [main] DEBUG org.hibernate.cfg.Settings - Scrollable result sets: enabled
12:19:48.169 [main] DEBUG org.hibernate.cfg.Settings - Wrap result sets: disabled
12:19:48.169 [main] DEBUG org.hibernate.cfg.Settings - JDBC3 getGeneratedKeys(): disabled
12:19:48.169 [main] DEBUG org.hibernate.cfg.Settings - JDBC result set fetch size: null
12:19:48.169 [main] DEBUG org.hibernate.cfg.Settings - Connection release mode: ON_CLOSE
12:19:48.170 [main] DEBUG org.hibernate.cfg.Settings - Generate SQL with comments: disabled
12:19:48.226 [main] DEBUG o.h.internal.SessionFactoryImpl - Session factory constructed with filter configurations : {}
12:19:48.227 [main] DEBUG o.h.internal.SessionFactoryImpl - Instantiating session factory with properties: {hibernate.connection.password=dawson1, java.runtime.name=Java(TM) SE Runtime Environment, java.vm.version=25.60-b23, hibernate.default_schema=DawsonL, sun.boot.library.path=C:\Program Files\Java\jdk1.8.0_60\jre\bin, hibernate.connection.username=DawsonL, hibernate.boot.CfgXmlAccessService.key=org.hibernate.boot.cfgxml.spi.LoadedConfig@53f48368, java.vm.vendor=Oracle Corporation, java.vendor.url=http://java.oracle.com/, path.separator=;, java.vm.name=Java HotSpot(TM) 64-Bit Server VM, file.encoding.pkg=sun.io, sun.os.patch.level=, user.script=, user.country=US, sun.java.launcher=SUN_STANDARD, java.vm.specification.name=Java Virtual Machine Specification, user.dir=C:\Users\Ian&apos;s Laptop\git\FinalExamStarter4\FirstBankMortgage_DAL, java.runtime.version=1.8.0_60-b27, java.awt.graphicsenv=sun.awt.Win32GraphicsEnvironment, basedir=C:\Users\Ian&apos;s Laptop\git\FinalExamStarter4\FirstBankMortgage_DAL, os.arch=amd64, java.endorsed.dirs=C:\Program Files\Java\jdk1.8.0_60\jre\lib\endorsed, surefire.real.class.path=C:\Users\Ian&apos;s Laptop\git\FinalExamStarter4\FirstBankMortgage_DAL\target\surefire\surefirebooter5693790161274929529.jar, java.io.tmpdir=C:\Users\IAN&apos;SL~1\AppData\Local\Temp\, line.separator=
, java.vm.specification.vendor=Oracle Corporation, user.variant=, os.name=Windows 8.1, sun.jnu.encoding=Cp1252, java.library.path=C:\Program Files\Java\jdk1.8.0_60\jre\bin;C:\windows\Sun\Java\bin;C:\windows\system32;C:\windows;C:/Program Files/Java/bin/server;C:/Program Files/Java/bin;C:/Program Files/Java/lib/amd64;C:\Program Files (x86)\CambridgeSoft\ChemOffice2015\ChemScript\Lib;C:\ProgramData\Oracle\Java\javapath;C:\Program Files (x86)\NVIDIA Corporation\PhysX\Common;C:\Program Files (x86)\Intel\iCLS Client\;C:\Program Files\Intel\iCLS Client\;C:\windows\system32;C:\windows;C:\windows\System32\Wbem;C:\windows\System32\WindowsPowerShell\v1.0\;C:\Program Files\Intel\Intel(R) Management Engine Components\DAL;C:\Program Files\Intel\Intel(R) Management Engine Components\IPT;C:\Program Files (x86)\Intel\Intel(R) Management Engine Components\DAL;C:\Program Files (x86)\Intel\Intel(R) Management Engine Components\IPT;C:\Program Files\MATLAB\R2012a\runtime\win64;C:\Program Files\MATLAB\R2012a\bin;C:\Users\Ian&apos;s Laptop\Desktop\Eclipse\eclipse;;., surefire.test.class.path=C:\Users\Ian&apos;s Laptop\git\FinalExamStarter4\FirstBankMortgage_DAL\target\test-classes;C:\Users\Ian&apos;s Laptop\git\FinalExamStarter4\FirstBankMortgage_DAL\target\classes;C:\Users\Ian&apos;s Laptop\.m2\repository\org\springframework\spring-context\3.2.3.RELEASE\spring-context-3.2.3.RELEASE.jar;C:\Users\Ian&apos;s Laptop\.m2\repository\org\springframework\spring-aop\3.2.3.RELEASE\spring-aop-3.2.3.RELEASE.jar;C:\Users\Ian&apos;s Laptop\.m2\repository\org\springframework\spring-beans\3.2.3.RELEASE\spring-beans-3.2.3.RELEASE.jar;C:\Users\Ian&apos;s Laptop\.m2\repository\org\springframework\spring-core\3.2.3.RELEASE\spring-core-3.2.3.RELEASE.jar;C:\Users\Ian&apos;s Laptop\.m2\repository\commons-logging\commons-logging\1.1.1\commons-logging-1.1.1.jar;C:\Users\Ian&apos;s Laptop\.m2\repository\org\springframework\spring-expression\3.2.3.RELEASE\spring-expression-3.2.3.RELEASE.jar;C:\Users\Ian&apos;s Laptop\.m2\repository\org\springframework\spring-tx\3.2.3.RELEASE\spring-tx-3.2.3.RELEASE.jar;C:\Users\Ian&apos;s Laptop\.m2\repository\aopalliance\aopalliance\1.0\aopalliance-1.0.jar;C:\Users\Ian&apos;s Laptop\.m2\repository\org\slf4j\slf4j-api\1.7.5\slf4j-api-1.7.5.jar;C:\Users\Ian&apos;s Laptop\.m2\repository\ch\qos\logback\logback-classic\1.0.13\logback-classic-1.0.13.jar;C:\Users\Ian&apos;s Laptop\.m2\repository\ch\qos\logback\logback-core\1.0.13\logback-core-1.0.13.jar;C:\Users\Ian&apos;s Laptop\.m2\repository\org\hibernate\hibernate-entitymanager\5.0.2.Final\hibernate-entitymanager-5.0.2.Final.jar;C:\Users\Ian&apos;s Laptop\.m2\repository\org\jboss\logging\jboss-logging\3.3.0.Final\jboss-logging-3.3.0.Final.jar;C:\Users\Ian&apos;s Laptop\.m2\repository\org\hibernate\hibernate-core\5.0.2.Final\hibernate-core-5.0.2.Final.jar;C:\Users\Ian&apos;s Laptop\.m2\repository\antlr\antlr\2.7.7\antlr-2.7.7.jar;C:\Users\Ian&apos;s Laptop\.m2\repository\org\jboss\jandex\1.2.2.Final\jandex-1.2.2.Final.jar;C:\Users\Ian&apos;s Laptop\.m2\repository\dom4j\dom4j\1.6.1\dom4j-1.6.1.jar;C:\Users\Ian&apos;s Laptop\.m2\repository\xml-apis\xml-apis\1.0.b2\xml-apis-1.0.b2.jar;C:\Users\Ian&apos;s Laptop\.m2\repository\org\hibernate\common\hibernate-commons-annotations\5.0.0.Final\hibernate-commons-annotations-5.0.0.Final.jar;C:\Users\Ian&apos;s Laptop\.m2\repository\org\hibernate\javax\persistence\hibernate-jpa-2.1-api\1.0.0.Final\hibernate-jpa-2.1-api-1.0.0.Final.jar;C:\Users\Ian&apos;s Laptop\.m2\repository\org\apache\geronimo\specs\geronimo-jta_1.1_spec\1.1.1\geronimo-jta_1.1_spec-1.1.1.jar;C:\Users\Ian&apos;s Laptop\.m2\repository\org\javassist\javassist\3.18.1-GA\javassist-3.18.1-GA.jar;C:\Users\Ian&apos;s Laptop\.m2\repository\org\springframework\spring-test\3.2.3.RELEASE\spring-test-3.2.3.RELEASE.jar;C:\Users\Ian&apos;s Laptop\.m2\repository\junit\junit\4.11\junit-4.11.jar;C:\Users\Ian&apos;s Laptop\.m2\repository\org\hamcrest\hamcrest-core\1.3\hamcrest-core-1.3.jar;C:\Users\Ian&apos;s Laptop\.m2\repository\org\apache\poi\poi\3.9\poi-3.9.jar;C:\Users\Ian&apos;s Laptop\.m2\repository\commons-codec\commons-codec\1.5\commons-codec-1.5.jar;C:\Users\Ian&apos;s Laptop\.m2\repository\com\oracle\ojdbc6\11.2.0.3\ojdbc6-11.2.0.3.jar;, java.class.version=52.0, java.specification.name=Java Platform API Specification, sun.management.compiler=HotSpot 64-Bit Tiered Compilers, os.version=6.3, user.home=C:\Users\Ian&apos;s Laptop, user.timezone=America/New_York, java.awt.printerjob=sun.awt.windows.WPrinterJob, file.encoding=Cp1252, java.specification.version=1.8, hibernate.format_sql=true, show_sql=true, user.name=Ian&apos;s Laptop, java.class.path=C:\Users\Ian&apos;s Laptop\git\FinalExamStarter4\FirstBankMortgage_DAL\target\test-classes;C:\Users\Ian&apos;s Laptop\git\FinalExamStarter4\FirstBankMortgage_DAL\target\classes;C:\Users\Ian&apos;s Laptop\.m2\repository\org\springframework\spring-context\3.2.3.RELEASE\spring-context-3.2.3.RELEASE.jar;C:\Users\Ian&apos;s Laptop\.m2\repository\org\springframework\spring-aop\3.2.3.RELEASE\spring-aop-3.2.3.RELEASE.jar;C:\Users\Ian&apos;s Laptop\.m2\repository\org\springframework\spring-beans\3.2.3.RELEASE\spring-beans-3.2.3.RELEASE.jar;C:\Users\Ian&apos;s Laptop\.m2\repository\org\springframework\spring-core\3.2.3.RELEASE\spring-core-3.2.3.RELEASE.jar;C:\Users\Ian&apos;s Laptop\.m2\repository\commons-logging\commons-logging\1.1.1\commons-logging-1.1.1.jar;C:\Users\Ian&apos;s Laptop\.m2\repository\org\springframework\spring-expression\3.2.3.RELEASE\spring-expression-3.2.3.RELEASE.jar;C:\Users\Ian&apos;s Laptop\.m2\repository\org\springframework\spring-tx\3.2.3.RELEASE\spring-tx-3.2.3.RELEASE.jar;C:\Users\Ian&apos;s Laptop\.m2\repository\aopalliance\aopalliance\1.0\aopalliance-1.0.jar;C:\Users\Ian&apos;s Laptop\.m2\repository\org\slf4j\slf4j-api\1.7.5\slf4j-api-1.7.5.jar;C:\Users\Ian&apos;s Laptop\.m2\repository\ch\qos\logback\logback-classic\1.0.13\logback-classic-1.0.13.jar;C:\Users\Ian&apos;s Laptop\.m2\repository\ch\qos\logback\logback-core\1.0.13\logback-core-1.0.13.jar;C:\Users\Ian&apos;s Laptop\.m2\repository\org\hibernate\hibernate-entitymanager\5.0.2.Final\hibernate-entitymanager-5.0.2.Final.jar;C:\Users\Ian&apos;s Laptop\.m2\repository\org\jboss\logging\jboss-logging\3.3.0.Final\jboss-logging-3.3.0.Final.jar;C:\Users\Ian&apos;s Laptop\.m2\repository\org\hibernate\hibernate-core\5.0.2.Final\hibernate-core-5.0.2.Final.jar;C:\Users\Ian&apos;s Laptop\.m2\repository\antlr\antlr\2.7.7\antlr-2.7.7.jar;C:\Users\Ian&apos;s Laptop\.m2\repository\org\jboss\jandex\1.2.2.Final\jandex-1.2.2.Final.jar;C:\Users\Ian&apos;s Laptop\.m2\repository\dom4j\dom4j\1.6.1\dom4j-1.6.1.jar;C:\Users\Ian&apos;s Laptop\.m2\repository\xml-apis\xml-apis\1.0.b2\xml-apis-1.0.b2.jar;C:\Users\Ian&apos;s Laptop\.m2\repository\org\hibernate\common\hibernate-commons-annotations\5.0.0.Final\hibernate-commons-annotations-5.0.0.Final.jar;C:\Users\Ian&apos;s Laptop\.m2\repository\org\hibernate\javax\persistence\hibernate-jpa-2.1-api\1.0.0.Final\hibernate-jpa-2.1-api-1.0.0.Final.jar;C:\Users\Ian&apos;s Laptop\.m2\repository\org\apache\geronimo\specs\geronimo-jta_1.1_spec\1.1.1\geronimo-jta_1.1_spec-1.1.1.jar;C:\Users\Ian&apos;s Laptop\.m2\repository\org\javassist\javassist\3.18.1-GA\javassist-3.18.1-GA.jar;C:\Users\Ian&apos;s Laptop\.m2\repository\org\springframework\spring-test\3.2.3.RELEASE\spring-test-3.2.3.RELEASE.jar;C:\Users\Ian&apos;s Laptop\.m2\repository\junit\junit\4.11\junit-4.11.jar;C:\Users\Ian&apos;s Laptop\.m2\repository\org\hamcrest\hamcrest-core\1.3\hamcrest-core-1.3.jar;C:\Users\Ian&apos;s Laptop\.m2\repository\org\apache\poi\poi\3.9\poi-3.9.jar;C:\Users\Ian&apos;s Laptop\.m2\repository\commons-codec\commons-codec\1.5\commons-codec-1.5.jar;C:\Users\Ian&apos;s Laptop\.m2\repository\com\oracle\ojdbc6\11.2.0.3\ojdbc6-11.2.0.3.jar;, hibernate.bytecode.use_reflection_optimizer=false, format_sql=true, hibernate.show_sql=true, java.vm.specification.version=1.8, sun.arch.data.model=64, sun.java.command=C:\Users\Ian&apos;s Laptop\git\FinalExamStarter4\FirstBankMortgage_DAL\target\surefire\surefirebooter5693790161274929529.jar C:\Users\Ian&apos;s Laptop\git\FinalExamStarter4\FirstBankMortgage_DAL\target\surefire\surefire5535416447033829654tmp C:\Users\Ian&apos;s Laptop\git\FinalExamStarter4\FirstBankMortgage_DAL\target\surefire\surefire_08315834197268098001tmp, java.home=C:\Program Files\Java\jdk1.8.0_60\jre, hibernate.connection.url=jdbc:oracle:thin:@cisc181.ci3wacsy5j84.us-east-1.rds.amazonaws.com:1521:ORCL, hibernate.dialect=org.hibernate.dialect.Oracle10gDialect, user.language=en, java.specification.vendor=Oracle Corporation, awt.toolkit=sun.awt.windows.WToolkit, java.vm.info=mixed mode, java.version=1.8.0_60, java.ext.dirs=C:\Program Files\Java\jdk1.8.0_60\jre\lib\ext;C:\windows\Sun\Java\lib\ext, sun.boot.class.path=C:\Program Files\Java\jdk1.8.0_60\jre\lib\resources.jar;C:\Program Files\Java\jdk1.8.0_60\jre\lib\rt.jar;C:\Program Files\Java\jdk1.8.0_60\jre\lib\sunrsasign.jar;C:\Program Files\Java\jdk1.8.0_60\jre\lib\jsse.jar;C:\Program Files\Java\jdk1.8.0_60\jre\lib\jce.jar;C:\Program Files\Java\jdk1.8.0_60\jre\lib\charsets.jar;C:\Program Files\Java\jdk1.8.0_60\jre\lib\jfr.jar;C:\Program Files\Java\jdk1.8.0_60\jre\classes, java.vendor=Oracle Corporation, localRepository=C:\Users\Ian&apos;s Laptop\.m2\repository, file.separator=\, java.vendor.url.bug=http://bugreport.sun.com/bugreport/, hibernate.hbm2ddl.auto=update, sun.io.unicode.encoding=UnicodeLittle, sun.cpu.endian=little, sun.desktop=windows, sun.cpu.isalist=amd64}
12:19:48.243 [main] DEBUG o.h.secure.spi.JaccIntegrator - Skipping JACC integration as it was not enabled
12:19:48.278 [main] DEBUG o.h.b.internal.ClassLoaderAccessImpl - Not known whether passed class name [domain.RateDomainModel] is safe
12:19:48.278 [main] DEBUG o.h.b.internal.ClassLoaderAccessImpl - No temp ClassLoader provided; using live ClassLoader for loading potentially unsafe class : domain.RateDomainModel
12:19:48.297 [main] DEBUG o.h.b.internal.ClassLoaderAccessImpl - Not known whether passed class name [domain.RateDomainModel] is safe
12:19:48.298 [main] DEBUG o.h.b.internal.ClassLoaderAccessImpl - No temp ClassLoader provided; using live ClassLoader for loading potentially unsafe class : domain.RateDomainModel
12:19:48.423 [main] DEBUG o.h.p.entity.AbstractEntityPersister - Static SQL for entity: domain.RateDomainModel
12:19:48.423 [main] DEBUG o.h.p.entity.AbstractEntityPersister -  Version select: select RateID from DawsonL.tblRate where RateID =?
12:19:48.423 [main] DEBUG o.h.p.entity.AbstractEntityPersister -  Snapshot select: select ratedomain_.RateID, ratedomain_.MinCreditScore as MinCreditScore2_0_, ratedomain_.InterestRate as InterestRate3_0_ from DawsonL.tblRate ratedomain_ where ratedomain_.RateID=?
12:19:48.423 [main] DEBUG o.h.p.entity.AbstractEntityPersister -  Insert 0: insert into DawsonL.tblRate (MinCreditScore, InterestRate, RateID) values (?, ?, ?)
12:19:48.423 [main] DEBUG o.h.p.entity.AbstractEntityPersister -  Update 0: update DawsonL.tblRate set MinCreditScore=?, InterestRate=? where RateID=?
12:19:48.424 [main] DEBUG o.h.p.entity.AbstractEntityPersister -  Delete 0: delete from DawsonL.tblRate where RateID=?
12:19:48.451 [main] DEBUG o.h.l.p.b.i.spaces.QuerySpacesImpl - Adding QuerySpace : uid = &lt;gen:0&gt; -&gt; org.hibernate.loader.plan.build.internal.spaces.EntityQuerySpaceImpl@27e0f2f5]
12:19:48.452 [main] DEBUG o.h.p.w.spi.MetamodelGraphWalker - Visiting attribute path : MinCreditScore
12:19:48.452 [main] DEBUG o.h.p.w.spi.MetamodelGraphWalker - Visiting attribute path : InterestRate
12:19:48.453 [main] DEBUG o.h.l.p.b.i.FetchStyleLoadPlanBuildingAssociationVisitationStrategy - Building LoadPlan...
12:19:48.469 [main] DEBUG o.h.l.p.e.i.LoadQueryJoinAndFetchProcessor - processing queryspace &lt;gen:0&gt;
12:19:48.474 [main] DEBUG o.h.l.p.b.spi.LoadPlanTreePrinter - LoadPlan(entity=domain.RateDomainModel)
    - Returns
       - EntityReturnImpl(entity=domain.RateDomainModel, querySpaceUid=&lt;gen:0&gt;, path=domain.RateDomainModel)
    - QuerySpaces
       - EntityQuerySpaceImpl(uid=&lt;gen:0&gt;, entity=domain.RateDomainModel)
          - SQL table alias mapping - ratedomain0_
          - alias suffix - 0_
          - suffixed key columns - {RateID1_0_0_}

12:19:48.476 [main] DEBUG o.h.loader.entity.plan.EntityLoader - Static select for entity domain.RateDomainModel [NONE]: select ratedomain0_.RateID as RateID1_0_0_, ratedomain0_.MinCreditScore as MinCreditScore2_0_0_, ratedomain0_.InterestRate as InterestRate3_0_0_ from DawsonL.tblRate ratedomain0_ where ratedomain0_.RateID=?
12:19:48.476 [main] DEBUG o.h.l.p.b.i.spaces.QuerySpacesImpl - Adding QuerySpace : uid = &lt;gen:0&gt; -&gt; org.hibernate.loader.plan.build.internal.spaces.EntityQuerySpaceImpl@200a26bc]
12:19:48.476 [main] DEBUG o.h.p.w.spi.MetamodelGraphWalker - Visiting attribute path : MinCreditScore
12:19:48.477 [main] DEBUG o.h.p.w.spi.MetamodelGraphWalker - Visiting attribute path : InterestRate
12:19:48.477 [main] DEBUG o.h.l.p.b.i.FetchStyleLoadPlanBuildingAssociationVisitationStrategy - Building LoadPlan...
12:19:48.477 [main] DEBUG o.h.l.p.e.i.LoadQueryJoinAndFetchProcessor - processing queryspace &lt;gen:0&gt;
12:19:48.478 [main] DEBUG o.h.l.p.b.spi.LoadPlanTreePrinter - LoadPlan(entity=domain.RateDomainModel)
    - Returns
       - EntityReturnImpl(entity=domain.RateDomainModel, querySpaceUid=&lt;gen:0&gt;, path=domain.RateDomainModel)
    - QuerySpaces
       - EntityQuerySpaceImpl(uid=&lt;gen:0&gt;, entity=domain.RateDomainModel)
          - SQL table alias mapping - ratedomain0_
          - alias suffix - 0_
          - suffixed key columns - {RateID1_0_0_}

12:19:48.478 [main] DEBUG o.h.loader.entity.plan.EntityLoader - Static select for entity domain.RateDomainModel [READ]: select ratedomain0_.RateID as RateID1_0_0_, ratedomain0_.MinCreditScore as MinCreditScore2_0_0_, ratedomain0_.InterestRate as InterestRate3_0_0_ from DawsonL.tblRate ratedomain0_ where ratedomain0_.RateID=?
12:19:48.478 [main] DEBUG o.h.l.p.b.i.spaces.QuerySpacesImpl - Adding QuerySpace : uid = &lt;gen:0&gt; -&gt; org.hibernate.loader.plan.build.internal.spaces.EntityQuerySpaceImpl@1b5bc39d]
12:19:48.479 [main] DEBUG o.h.p.w.spi.MetamodelGraphWalker - Visiting attribute path : MinCreditScore
12:19:48.479 [main] DEBUG o.h.p.w.spi.MetamodelGraphWalker - Visiting attribute path : InterestRate
12:19:48.479 [main] DEBUG o.h.l.p.b.i.FetchStyleLoadPlanBuildingAssociationVisitationStrategy - Building LoadPlan...
12:19:48.480 [main] DEBUG o.h.l.p.e.i.LoadQueryJoinAndFetchProcessor - processing queryspace &lt;gen:0&gt;
12:19:48.481 [main] DEBUG o.h.l.p.b.spi.LoadPlanTreePrinter - LoadPlan(entity=domain.RateDomainModel)
    - Returns
       - EntityReturnImpl(entity=domain.RateDomainModel, querySpaceUid=&lt;gen:0&gt;, path=domain.RateDomainModel)
    - QuerySpaces
       - EntityQuerySpaceImpl(uid=&lt;gen:0&gt;, entity=domain.RateDomainModel)
          - SQL table alias mapping - ratedomain0_
          - alias suffix - 0_
          - suffixed key columns - {RateID1_0_0_}

12:19:48.483 [main] DEBUG o.h.loader.entity.plan.EntityLoader - Static select for entity domain.RateDomainModel [UPGRADE]: select ratedomain0_.RateID as RateID1_0_0_, ratedomain0_.MinCreditScore as MinCreditScore2_0_0_, ratedomain0_.InterestRate as InterestRate3_0_0_ from DawsonL.tblRate ratedomain0_ where ratedomain0_.RateID=? for update
12:19:48.484 [main] DEBUG o.h.l.p.b.i.spaces.QuerySpacesImpl - Adding QuerySpace : uid = &lt;gen:0&gt; -&gt; org.hibernate.loader.plan.build.internal.spaces.EntityQuerySpaceImpl@1494b84d]
12:19:48.484 [main] DEBUG o.h.p.w.spi.MetamodelGraphWalker - Visiting attribute path : MinCreditScore
12:19:48.484 [main] DEBUG o.h.p.w.spi.MetamodelGraphWalker - Visiting attribute path : InterestRate
12:19:48.484 [main] DEBUG o.h.l.p.b.i.FetchStyleLoadPlanBuildingAssociationVisitationStrategy - Building LoadPlan...
12:19:48.484 [main] DEBUG o.h.l.p.e.i.LoadQueryJoinAndFetchProcessor - processing queryspace &lt;gen:0&gt;
12:19:48.485 [main] DEBUG o.h.l.p.b.spi.LoadPlanTreePrinter - LoadPlan(entity=domain.RateDomainModel)
    - Returns
       - EntityReturnImpl(entity=domain.RateDomainModel, querySpaceUid=&lt;gen:0&gt;, path=domain.RateDomainModel)
    - QuerySpaces
       - EntityQuerySpaceImpl(uid=&lt;gen:0&gt;, entity=domain.RateDomainModel)
          - SQL table alias mapping - ratedomain0_
          - alias suffix - 0_
          - suffixed key columns - {RateID1_0_0_}

12:19:48.485 [main] DEBUG o.h.loader.entity.plan.EntityLoader - Static select for entity domain.RateDomainModel [UPGRADE_NOWAIT]: select ratedomain0_.RateID as RateID1_0_0_, ratedomain0_.MinCreditScore as MinCreditScore2_0_0_, ratedomain0_.InterestRate as InterestRate3_0_0_ from DawsonL.tblRate ratedomain0_ where ratedomain0_.RateID=? for update nowait
12:19:48.485 [main] DEBUG o.h.l.p.b.i.spaces.QuerySpacesImpl - Adding QuerySpace : uid = &lt;gen:0&gt; -&gt; org.hibernate.loader.plan.build.internal.spaces.EntityQuerySpaceImpl@71a9b4c7]
12:19:48.485 [main] DEBUG o.h.p.w.spi.MetamodelGraphWalker - Visiting attribute path : MinCreditScore
12:19:48.485 [main] DEBUG o.h.p.w.spi.MetamodelGraphWalker - Visiting attribute path : InterestRate
12:19:48.485 [main] DEBUG o.h.l.p.b.i.FetchStyleLoadPlanBuildingAssociationVisitationStrategy - Building LoadPlan...
12:19:48.486 [main] DEBUG o.h.l.p.e.i.LoadQueryJoinAndFetchProcessor - processing queryspace &lt;gen:0&gt;
12:19:48.486 [main] DEBUG o.h.l.p.b.spi.LoadPlanTreePrinter - LoadPlan(entity=domain.RateDomainModel)
    - Returns
       - EntityReturnImpl(entity=domain.RateDomainModel, querySpaceUid=&lt;gen:0&gt;, path=domain.RateDomainModel)
    - QuerySpaces
       - EntityQuerySpaceImpl(uid=&lt;gen:0&gt;, entity=domain.RateDomainModel)
          - SQL table alias mapping - ratedomain0_
          - alias suffix - 0_
          - suffixed key columns - {RateID1_0_0_}

12:19:48.486 [main] DEBUG o.h.loader.entity.plan.EntityLoader - Static select for entity domain.RateDomainModel [UPGRADE_SKIPLOCKED]: select ratedomain0_.RateID as RateID1_0_0_, ratedomain0_.MinCreditScore as MinCreditScore2_0_0_, ratedomain0_.InterestRate as InterestRate3_0_0_ from DawsonL.tblRate ratedomain0_ where ratedomain0_.RateID=? for update skip locked
12:19:48.486 [main] DEBUG o.h.l.p.b.i.spaces.QuerySpacesImpl - Adding QuerySpace : uid = &lt;gen:0&gt; -&gt; org.hibernate.loader.plan.build.internal.spaces.EntityQuerySpaceImpl@77cf3f8b]
12:19:48.487 [main] DEBUG o.h.p.w.spi.MetamodelGraphWalker - Visiting attribute path : MinCreditScore
12:19:48.487 [main] DEBUG o.h.p.w.spi.MetamodelGraphWalker - Visiting attribute path : InterestRate
12:19:48.487 [main] DEBUG o.h.l.p.b.i.FetchStyleLoadPlanBuildingAssociationVisitationStrategy - Building LoadPlan...
12:19:48.487 [main] DEBUG o.h.l.p.e.i.LoadQueryJoinAndFetchProcessor - processing queryspace &lt;gen:0&gt;
12:19:48.488 [main] DEBUG o.h.l.p.b.spi.LoadPlanTreePrinter - LoadPlan(entity=domain.RateDomainModel)
    - Returns
       - EntityReturnImpl(entity=domain.RateDomainModel, querySpaceUid=&lt;gen:0&gt;, path=domain.RateDomainModel)
    - QuerySpaces
       - EntityQuerySpaceImpl(uid=&lt;gen:0&gt;, entity=domain.RateDomainModel)
          - SQL table alias mapping - ratedomain0_
          - alias suffix - 0_
          - suffixed key columns - {RateID1_0_0_}

12:19:48.488 [main] DEBUG o.h.loader.entity.plan.EntityLoader - Static select for entity domain.RateDomainModel [FORCE]: select ratedomain0_.RateID as RateID1_0_0_, ratedomain0_.MinCreditScore as MinCreditScore2_0_0_, ratedomain0_.InterestRate as InterestRate3_0_0_ from DawsonL.tblRate ratedomain0_ where ratedomain0_.RateID=? for update nowait
12:19:48.488 [main] DEBUG o.h.l.p.b.i.spaces.QuerySpacesImpl - Adding QuerySpace : uid = &lt;gen:0&gt; -&gt; org.hibernate.loader.plan.build.internal.spaces.EntityQuerySpaceImpl@21ca139c]
12:19:48.488 [main] DEBUG o.h.p.w.spi.MetamodelGraphWalker - Visiting attribute path : MinCreditScore
12:19:48.488 [main] DEBUG o.h.p.w.spi.MetamodelGraphWalker - Visiting attribute path : InterestRate
12:19:48.489 [main] DEBUG o.h.l.p.b.i.FetchStyleLoadPlanBuildingAssociationVisitationStrategy - Building LoadPlan...
12:19:48.489 [main] DEBUG o.h.l.p.e.i.LoadQueryJoinAndFetchProcessor - processing queryspace &lt;gen:0&gt;
12:19:48.490 [main] DEBUG o.h.l.p.b.spi.LoadPlanTreePrinter - LoadPlan(entity=domain.RateDomainModel)
    - Returns
       - EntityReturnImpl(entity=domain.RateDomainModel, querySpaceUid=&lt;gen:0&gt;, path=domain.RateDomainModel)
    - QuerySpaces
       - EntityQuerySpaceImpl(uid=&lt;gen:0&gt;, entity=domain.RateDomainModel)
          - SQL table alias mapping - ratedomain0_
          - alias suffix - 0_
          - suffixed key columns - {RateID1_0_0_}

12:19:48.490 [main] DEBUG o.h.loader.entity.plan.EntityLoader - Static select for entity domain.RateDomainModel [PESSIMISTIC_READ]: select ratedomain0_.RateID as RateID1_0_0_, ratedomain0_.MinCreditScore as MinCreditScore2_0_0_, ratedomain0_.InterestRate as InterestRate3_0_0_ from DawsonL.tblRate ratedomain0_ where ratedomain0_.RateID=? for update
12:19:48.491 [main] DEBUG o.h.l.p.b.i.spaces.QuerySpacesImpl - Adding QuerySpace : uid = &lt;gen:0&gt; -&gt; org.hibernate.loader.plan.build.internal.spaces.EntityQuerySpaceImpl@2cd2c8fe]
12:19:48.491 [main] DEBUG o.h.p.w.spi.MetamodelGraphWalker - Visiting attribute path : MinCreditScore
12:19:48.491 [main] DEBUG o.h.p.w.spi.MetamodelGraphWalker - Visiting attribute path : InterestRate
12:19:48.491 [main] DEBUG o.h.l.p.b.i.FetchStyleLoadPlanBuildingAssociationVisitationStrategy - Building LoadPlan...
12:19:48.492 [main] DEBUG o.h.l.p.e.i.LoadQueryJoinAndFetchProcessor - processing queryspace &lt;gen:0&gt;
12:19:48.492 [main] DEBUG o.h.l.p.b.spi.LoadPlanTreePrinter - LoadPlan(entity=domain.RateDomainModel)
    - Returns
       - EntityReturnImpl(entity=domain.RateDomainModel, querySpaceUid=&lt;gen:0&gt;, path=domain.RateDomainModel)
    - QuerySpaces
       - EntityQuerySpaceImpl(uid=&lt;gen:0&gt;, entity=domain.RateDomainModel)
          - SQL table alias mapping - ratedomain0_
          - alias suffix - 0_
          - suffixed key columns - {RateID1_0_0_}

12:19:48.492 [main] DEBUG o.h.loader.entity.plan.EntityLoader - Static select for entity domain.RateDomainModel [PESSIMISTIC_WRITE]: select ratedomain0_.RateID as RateID1_0_0_, ratedomain0_.MinCreditScore as MinCreditScore2_0_0_, ratedomain0_.InterestRate as InterestRate3_0_0_ from DawsonL.tblRate ratedomain0_ where ratedomain0_.RateID=? for update
12:19:48.492 [main] DEBUG o.h.l.p.b.i.spaces.QuerySpacesImpl - Adding QuerySpace : uid = &lt;gen:0&gt; -&gt; org.hibernate.loader.plan.build.internal.spaces.EntityQuerySpaceImpl@cc6460c]
12:19:48.493 [main] DEBUG o.h.p.w.spi.MetamodelGraphWalker - Visiting attribute path : MinCreditScore
12:19:48.493 [main] DEBUG o.h.p.w.spi.MetamodelGraphWalker - Visiting attribute path : InterestRate
12:19:48.493 [main] DEBUG o.h.l.p.b.i.FetchStyleLoadPlanBuildingAssociationVisitationStrategy - Building LoadPlan...
12:19:48.493 [main] DEBUG o.h.l.p.e.i.LoadQueryJoinAndFetchProcessor - processing queryspace &lt;gen:0&gt;
12:19:48.493 [main] DEBUG o.h.l.p.b.spi.LoadPlanTreePrinter - LoadPlan(entity=domain.RateDomainModel)
    - Returns
       - EntityReturnImpl(entity=domain.RateDomainModel, querySpaceUid=&lt;gen:0&gt;, path=domain.RateDomainModel)
    - QuerySpaces
       - EntityQuerySpaceImpl(uid=&lt;gen:0&gt;, entity=domain.RateDomainModel)
          - SQL table alias mapping - ratedomain0_
          - alias suffix - 0_
          - suffixed key columns - {RateID1_0_0_}

12:19:48.494 [main] DEBUG o.h.loader.entity.plan.EntityLoader - Static select for entity domain.RateDomainModel [PESSIMISTIC_FORCE_INCREMENT]: select ratedomain0_.RateID as RateID1_0_0_, ratedomain0_.MinCreditScore as MinCreditScore2_0_0_, ratedomain0_.InterestRate as InterestRate3_0_0_ from DawsonL.tblRate ratedomain0_ where ratedomain0_.RateID=? for update nowait
12:19:48.494 [main] DEBUG o.h.l.p.b.i.spaces.QuerySpacesImpl - Adding QuerySpace : uid = &lt;gen:0&gt; -&gt; org.hibernate.loader.plan.build.internal.spaces.EntityQuerySpaceImpl@681aad3b]
12:19:48.495 [main] DEBUG o.h.p.w.spi.MetamodelGraphWalker - Visiting attribute path : MinCreditScore
12:19:48.495 [main] DEBUG o.h.p.w.spi.MetamodelGraphWalker - Visiting attribute path : InterestRate
12:19:48.495 [main] DEBUG o.h.l.p.b.i.FetchStyleLoadPlanBuildingAssociationVisitationStrategy - Building LoadPlan...
12:19:48.495 [main] DEBUG o.h.l.p.e.i.LoadQueryJoinAndFetchProcessor - processing queryspace &lt;gen:0&gt;
12:19:48.496 [main] DEBUG o.h.l.p.b.spi.LoadPlanTreePrinter - LoadPlan(entity=domain.RateDomainModel)
    - Returns
       - EntityReturnImpl(entity=domain.RateDomainModel, querySpaceUid=&lt;gen:0&gt;, path=domain.RateDomainModel)
    - QuerySpaces
       - EntityQuerySpaceImpl(uid=&lt;gen:0&gt;, entity=domain.RateDomainModel)
          - SQL table alias mapping - ratedomain0_
          - alias suffix - 0_
          - suffixed key columns - {RateID1_0_0_}

12:19:48.496 [main] DEBUG o.h.loader.entity.plan.EntityLoader - Static select for entity domain.RateDomainModel [OPTIMISTIC]: select ratedomain0_.RateID as RateID1_0_0_, ratedomain0_.MinCreditScore as MinCreditScore2_0_0_, ratedomain0_.InterestRate as InterestRate3_0_0_ from DawsonL.tblRate ratedomain0_ where ratedomain0_.RateID=?
12:19:48.496 [main] DEBUG o.h.l.p.b.i.spaces.QuerySpacesImpl - Adding QuerySpace : uid = &lt;gen:0&gt; -&gt; org.hibernate.loader.plan.build.internal.spaces.EntityQuerySpaceImpl@2427e004]
12:19:48.496 [main] DEBUG o.h.p.w.spi.MetamodelGraphWalker - Visiting attribute path : MinCreditScore
12:19:48.496 [main] DEBUG o.h.p.w.spi.MetamodelGraphWalker - Visiting attribute path : InterestRate
12:19:48.497 [main] DEBUG o.h.l.p.b.i.FetchStyleLoadPlanBuildingAssociationVisitationStrategy - Building LoadPlan...
12:19:48.497 [main] DEBUG o.h.l.p.e.i.LoadQueryJoinAndFetchProcessor - processing queryspace &lt;gen:0&gt;
12:19:48.497 [main] DEBUG o.h.l.p.b.spi.LoadPlanTreePrinter - LoadPlan(entity=domain.RateDomainModel)
    - Returns
       - EntityReturnImpl(entity=domain.RateDomainModel, querySpaceUid=&lt;gen:0&gt;, path=domain.RateDomainModel)
    - QuerySpaces
       - EntityQuerySpaceImpl(uid=&lt;gen:0&gt;, entity=domain.RateDomainModel)
          - SQL table alias mapping - ratedomain0_
          - alias suffix - 0_
          - suffixed key columns - {RateID1_0_0_}

12:19:48.497 [main] DEBUG o.h.loader.entity.plan.EntityLoader - Static select for entity domain.RateDomainModel [OPTIMISTIC_FORCE_INCREMENT]: select ratedomain0_.RateID as RateID1_0_0_, ratedomain0_.MinCreditScore as MinCreditScore2_0_0_, ratedomain0_.InterestRate as InterestRate3_0_0_ from DawsonL.tblRate ratedomain0_ where ratedomain0_.RateID=?
12:19:48.516 [main] DEBUG org.hibernate.loader.Loader - Static select for action ACTION_MERGE on entity domain.RateDomainModel: select ratedomain0_.RateID as RateID1_0_0_, ratedomain0_.MinCreditScore as MinCreditScore2_0_0_, ratedomain0_.InterestRate as InterestRate3_0_0_ from DawsonL.tblRate ratedomain0_ where ratedomain0_.RateID=?
12:19:48.516 [main] DEBUG org.hibernate.loader.Loader - Static select for action ACTION_REFRESH on entity domain.RateDomainModel: select ratedomain0_.RateID as RateID1_0_0_, ratedomain0_.MinCreditScore as MinCreditScore2_0_0_, ratedomain0_.InterestRate as InterestRate3_0_0_ from DawsonL.tblRate ratedomain0_ where ratedomain0_.RateID=?
12:19:48.516 [main] DEBUG o.h.internal.SessionFactoryImpl - Instantiated session factory
12:19:48.520 [main] INFO  o.h.tool.hbm2ddl.SchemaUpdate - HHH000228: Running hbm2ddl schema update
12:19:49.691 [main] DEBUG o.h.tool.hbm2ddl.SchemaUpdate - No alter strings for table : tblRate
12:19:49.709 [main] DEBUG o.h.e.t.j.p.i.JtaPlatformInitiator - No JtaPlatform was specified, checking resolver
12:19:49.711 [main] DEBUG o.h.e.t.j.p.i.JtaPlatformResolverInitiator - No JtaPlatformResolver was specified, using default [org.hibernate.engine.transaction.jta.platform.internal.StandardJtaPlatformResolver]
12:19:49.720 [main] DEBUG o.h.e.t.j.p.i.StandardJtaPlatformResolver - Could not resolve JtaPlatform, using default [org.hibernate.engine.transaction.jta.platform.internal.NoJtaPlatform]
12:19:49.724 [main] DEBUG o.h.internal.NamedQueryRepository - Checking 0 named HQL queries
12:19:49.725 [main] DEBUG o.h.internal.NamedQueryRepository - Checking 0 named SQL queries
12:19:49.731 [main] DEBUG o.h.internal.SessionFactoryRegistry - Initializing SessionFactoryRegistry : org.hibernate.internal.SessionFactoryRegistry@15deb1dc
12:19:49.734 [main] DEBUG o.h.internal.SessionFactoryRegistry - Registering SessionFactory: 73e77c11-aff1-417a-a4a2-8c778f32283d (&lt;unnamed&gt;)
12:19:49.734 [main] DEBUG o.h.internal.SessionFactoryRegistry - Not binding SessionFactory to JNDI, no JNDI name configured
12:19:49.799 [main] DEBUG o.h.s.internal.StatisticsInitiator - Statistics initialized [enabled=false]
12:19:49.800 [main] DEBUG o.h.e.t.internal.TransactionImpl - begin
12:19:49.813 [main] DEBUG o.h.h.i.QueryTranslatorFactoryInitiator - QueryTranslatorFactory : org.hibernate.hql.internal.ast.ASTQueryTranslatorFactory@14c053c6
12:19:49.814 [main] INFO  o.h.h.i.QueryTranslatorFactoryInitiator - HHH000397: Using ASTQueryTranslatorFactory
12:19:49.851 [main] DEBUG o.h.h.i.ast.QueryTranslatorImpl - parse() - HQL: FROM domain.RateDomainModel
12:19:49.862 [main] DEBUG o.h.h.i.ast.QueryTranslatorImpl - --- HQL AST ---
 \-[QUERY] Node: &apos;query&apos;
    \-[SELECT_FROM] Node: &apos;SELECT_FROM&apos;
       \-[FROM] Node: &apos;FROM&apos;
          \-[RANGE] Node: &apos;RANGE&apos;
             \-[DOT] Node: &apos;.&apos;
                +-[IDENT] Node: &apos;domain&apos;
                \-[IDENT] Node: &apos;RateDomainModel&apos;

12:19:49.863 [main] DEBUG o.h.hql.internal.ast.ErrorCounter - throwQueryException() : no errors
12:19:49.901 [main] DEBUG o.h.h.i.antlr.HqlSqlBaseWalker - select &lt;&lt; begin [level=1, statement=select]
12:19:49.930 [main] DEBUG o.h.h.internal.ast.tree.FromElement - FromClause{level=1} : domain.RateDomainModel (&lt;no alias&gt;) -&gt; ratedomain0_
12:19:49.930 [main] DEBUG o.h.h.i.antlr.HqlSqlBaseWalker - select : finishing up [level=1, statement=select]
12:19:49.930 [main] DEBUG o.h.hql.internal.ast.HqlSqlWalker - processQuery() :  ( SELECT ( FromClause{level=1} DawsonL.tblRate ratedomain0_ ) )
12:19:49.939 [main] DEBUG o.h.hql.internal.ast.HqlSqlWalker - Derived SELECT clause created.
12:19:49.949 [main] DEBUG o.h.h.i.ast.util.JoinProcessor - Using FROM fragment [DawsonL.tblRate ratedomain0_]
12:19:49.950 [main] DEBUG o.h.h.i.antlr.HqlSqlBaseWalker - select &gt;&gt; end [level=1, statement=select]
12:19:49.952 [main] DEBUG o.h.h.i.ast.QueryTranslatorImpl - --- SQL AST ---
 \-[SELECT] QueryNode: &apos;SELECT&apos;  querySpaces (DawsonL.tblRate)
    +-[SELECT_CLAUSE] SelectClause: &apos;{derived select clause}&apos;
    |  +-[SELECT_EXPR] SelectExpressionImpl: &apos;ratedomain0_.RateID as RateID1_0_&apos; {FromElement{explicit,not a collection join,not a fetch join,fetch non-lazy properties,classAlias=null,role=null,tableName=DawsonL.tblRate,tableAlias=ratedomain0_,origin=null,columns={,className=domain.RateDomainModel}}}
    |  \-[SQL_TOKEN] SqlFragment: &apos;ratedomain0_.MinCreditScore as MinCreditScore2_0_, ratedomain0_.InterestRate as InterestRate3_0_&apos;
    \-[FROM] FromClause: &apos;FROM&apos; FromClause{level=1, fromElementCounter=1, fromElements=1, fromElementByClassAlias=[], fromElementByTableAlias=[ratedomain0_], fromElementsByPath=[], collectionJoinFromElementsByPath=[], impliedElements=[]}
       \-[FROM_FRAGMENT] FromElement: &apos;DawsonL.tblRate ratedomain0_&apos; FromElement{explicit,not a collection join,not a fetch join,fetch non-lazy properties,classAlias=null,role=null,tableName=DawsonL.tblRate,tableAlias=ratedomain0_,origin=null,columns={,className=domain.RateDomainModel}}

12:19:49.952 [main] DEBUG o.h.hql.internal.ast.ErrorCounter - throwQueryException() : no errors
12:19:49.968 [main] DEBUG o.h.h.i.ast.QueryTranslatorImpl - HQL: FROM domain.RateDomainModel
12:19:49.968 [main] DEBUG o.h.h.i.ast.QueryTranslatorImpl - SQL: select ratedomain0_.RateID as RateID1_0_, ratedomain0_.MinCreditScore as MinCreditScore2_0_, ratedomain0_.InterestRate as InterestRate3_0_ from DawsonL.tblRate ratedomain0_
12:19:49.968 [main] DEBUG o.h.hql.internal.ast.ErrorCounter - throwQueryException() : no errors
12:19:49.994 [main] DEBUG org.hibernate.SQL - 
    select
        ratedomain0_.RateID as RateID1_0_,
        ratedomain0_.MinCreditScore as MinCreditScore2_0_,
        ratedomain0_.InterestRate as InterestRate3_0_ 
    from
        DawsonL.tblRate ratedomain0_
Hibernate: 
    select
        ratedomain0_.RateID as RateID1_0_,
        ratedomain0_.MinCreditScore as MinCreditScore2_0_,
        ratedomain0_.InterestRate as InterestRate3_0_ 
    from
        DawsonL.tblRate ratedomain0_
12:19:50.018 [main] DEBUG o.h.e.t.internal.TransactionImpl - committing
[]</system-out>
  </testcase>
  <testcase classname="base.Rate_Test" name="testValues" time="0.011">
    <failure type="java.lang.AssertionError">java.lang.AssertionError
	at org.junit.Assert.fail(Assert.java:86)
	at org.junit.Assert.assertTrue(Assert.java:41)
	at org.junit.Assert.assertTrue(Assert.java:52)
	at base.Rate_Test.testValues(Rate_Test.java:58)
	at sun.reflect.NativeMethodAccessorImpl.invoke0(Native Method)
	at sun.reflect.NativeMethodAccessorImpl.invoke(NativeMethodAccessorImpl.java:62)
	at sun.reflect.DelegatingMethodAccessorImpl.invoke(DelegatingMethodAccessorImpl.java:43)
	at java.lang.reflect.Method.invoke(Method.java:497)
	at org.junit.runners.model.FrameworkMethod$1.runReflectiveCall(FrameworkMethod.java:47)
	at org.junit.internal.runners.model.ReflectiveCallable.run(ReflectiveCallable.java:12)
	at org.junit.runners.model.FrameworkMethod.invokeExplosively(FrameworkMethod.java:44)
	at org.junit.internal.runners.statements.InvokeMethod.evaluate(InvokeMethod.java:17)
	at org.junit.runners.ParentRunner.runLeaf(ParentRunner.java:271)
	at org.junit.runners.BlockJUnit4ClassRunner.runChild(BlockJUnit4ClassRunner.java:70)
	at org.junit.runners.BlockJUnit4ClassRunner.runChild(BlockJUnit4ClassRunner.java:50)
	at org.junit.runners.ParentRunner$3.run(ParentRunner.java:238)
	at org.junit.runners.ParentRunner$1.schedule(ParentRunner.java:63)
	at org.junit.runners.ParentRunner.runChildren(ParentRunner.java:236)
	at org.junit.runners.ParentRunner.access$000(ParentRunner.java:53)
	at org.junit.runners.ParentRunner$2.evaluate(ParentRunner.java:229)
	at org.junit.runners.ParentRunner.run(ParentRunner.java:309)
	at org.apache.maven.surefire.junit4.JUnit4Provider.execute(JUnit4Provider.java:252)
	at org.apache.maven.surefire.junit4.JUnit4Provider.executeTestSet(JUnit4Provider.java:141)
	at org.apache.maven.surefire.junit4.JUnit4Provider.invoke(JUnit4Provider.java:112)
	at sun.reflect.NativeMethodAccessorImpl.invoke0(Native Method)
	at sun.reflect.NativeMethodAccessorImpl.invoke(NativeMethodAccessorImpl.java:62)
	at sun.reflect.DelegatingMethodAccessorImpl.invoke(DelegatingMethodAccessorImpl.java:43)
	at java.lang.reflect.Method.invoke(Method.java:497)
	at org.apache.maven.surefire.util.ReflectionUtils.invokeMethodWithArray(ReflectionUtils.java:189)
	at org.apache.maven.surefire.booter.ProviderFactory$ProviderProxy.invoke(ProviderFactory.java:165)
	at org.apache.maven.surefire.booter.ProviderFactory.invokeProvider(ProviderFactory.java:85)
	at org.apache.maven.surefire.booter.ForkedBooter.runSuitesInProcess(ForkedBooter.java:115)
	at org.apache.maven.surefire.booter.ForkedBooter.main(ForkedBooter.java:75)
</failure>
    <system-out>12:19:50.037 [main] DEBUG o.h.e.t.internal.TransactionImpl - begin
12:19:50.037 [main] DEBUG org.hibernate.SQL - 
    select
        ratedomain0_.RateID as RateID1_0_,
        ratedomain0_.MinCreditScore as MinCreditScore2_0_,
        ratedomain0_.InterestRate as InterestRate3_0_ 
    from
        DawsonL.tblRate ratedomain0_
Hibernate: 
    select
        ratedomain0_.RateID as RateID1_0_,
        ratedomain0_.MinCreditScore as MinCreditScore2_0_,
        ratedomain0_.InterestRate as InterestRate3_0_ 
    from
        DawsonL.tblRate ratedomain0_
12:19:50.048 [main] DEBUG o.h.e.t.internal.TransactionImpl - committing
</system-out>
  </testcase>
</testsuite>